app/build/intermediates/manifest_merge_blame_file/debug/manifest-merger-blame-debug-report.txt
1<?xml version="1.0" encoding="utf-8"?>
2<manifest xmlns:android="http://schemas.android.com/apk/res/android"
3    package="com.cn.huiweilink"
4    android:versionCode="1"
5    android:versionName="1.0" >
6
7    <uses-sdk
8        android:minSdkVersion="24"
8-->src/main/AndroidManifest.xml
9        android:targetSdkVersion="34" />
9-->src/main/AndroidManifest.xml
10
11    <uses-permission android:name="android.permission.INTERNET" />
11-->[:PlayLib] AndroidManifest.xml:11:5-67
11-->[:PlayLib] AndroidManifest.xml:11:22-64
12    <uses-permission android:name="android.permission.ACCESS_WIFI_STATE" />
12-->[:PlayLib] AndroidManifest.xml:12:5-76
12-->[:PlayLib] AndroidManifest.xml:12:22-73
13    <uses-permission android:name="android.permission.CHANGE_WIFI_MULTICAST_STATE" />
13-->[:PlayLib] AndroidManifest.xml:13:5-86
13-->[:PlayLib] AndroidManifest.xml:13:22-83
14    <uses-permission android:name="android.permission.ACCESS_NETWORK_STATE" />
14-->[:PlayLib] AndroidManifest.xml:14:5-79
14-->[:PlayLib] AndroidManifest.xml:14:22-76
15    <uses-permission android:name="android.permission.WAKE_LOCK" />
15-->[:PlayLib] AndroidManifest.xml:15:5-68
15-->[:PlayLib] AndroidManifest.xml:15:22-65
16
17    <application
17-->src/main/AndroidManifest.xml:5:5-29:19
18        android:allowBackup="true"
18-->src/main/AndroidManifest.xml:6:9-35
19        android:appComponentFactory="androidx.core.app.CoreComponentFactory"
19-->[androidx.core:core:1.5.0] AndroidManifest.xml:24:18-86
20        android:debuggable="true"
21        android:extractNativeLibs="false"
22        android:icon="@mipmap/ic_launcher"
22-->src/main/AndroidManifest.xml:7:9-43
23        android:label="SwanPlayLib SDK Demo"
23-->src/main/AndroidManifest.xml:9:9-45
24        android:largeHeap="true"
24-->src/main/AndroidManifest.xml:8:9-33
25        android:requestLegacyExternalStorage="true"
25-->src/main/AndroidManifest.xml:10:9-52
26        android:roundIcon="@mipmap/ic_launcher"
26-->src/main/AndroidManifest.xml:11:9-48
27        android:supportsRtl="true"
27-->src/main/AndroidManifest.xml:12:9-35
28        android:testOnly="true"
29        android:usesCleartextTraffic="true" >
29-->src/main/AndroidManifest.xml:13:9-44
30        <activity
30-->src/main/AndroidManifest.xml:15:9-24:20
31            android:name="com.MainActivity"
31-->src/main/AndroidManifest.xml:15:19-50
32            android:exported="true"
32-->src/main/AndroidManifest.xml:16:13-36
33            android:theme="@style/Theme.AppCompat.Light" >
33-->src/main/AndroidManifest.xml:17:13-57
34            <intent-filter>
34-->src/main/AndroidManifest.xml:19:13-23:29
35                <action android:name="android.intent.action.MAIN" />
35-->src/main/AndroidManifest.xml:20:17-69
35-->src/main/AndroidManifest.xml:20:25-66
36
37                <category android:name="android.intent.category.LAUNCHER" />
37-->src/main/AndroidManifest.xml:22:17-77
37-->src/main/AndroidManifest.xml:22:27-74
38            </intent-filter>
39        </activity>
40
41        <service
41-->src/main/AndroidManifest.xml:26:9-28:39
42            android:name="org.teleal.cling.android.AndroidUpnpServiceImpl"
42-->src/main/AndroidManifest.xml:27:13-75
43            android:exported="true" />
43-->src/main/AndroidManifest.xml:28:13-36
44
45        <uses-library
45-->[:PlayLib] AndroidManifest.xml:18:9-20:40
46            android:name="org.apache.http.legacy"
46-->[:PlayLib] AndroidManifest.xml:19:13-50
47            android:required="false" />
47-->[:PlayLib] AndroidManifest.xml:20:13-37
48
49        <service
49-->[:PlayLib] AndroidManifest.xml:22:9-24:40
50            android:name="com.nesp.android.cling.service.ClingUpnpService"
50-->[:PlayLib] AndroidManifest.xml:23:13-75
51            android:exported="false" />
51-->[:PlayLib] AndroidManifest.xml:24:13-37
52
53        <provider
53-->[:PlayLib] AndroidManifest.xml:26:9-34:20
54            android:name="com.nesp.android.cling.util.UtilsFileProvider"
54-->[:PlayLib] AndroidManifest.xml:27:13-73
55            android:authorities="com.cn.huiweilink.utilcode.provider"
55-->[:PlayLib] AndroidManifest.xml:28:13-69
56            android:exported="false"
56-->[:PlayLib] AndroidManifest.xml:29:13-37
57            android:grantUriPermissions="true" >
57-->[:PlayLib] AndroidManifest.xml:30:13-47
58            <meta-data
58-->[:PlayLib] AndroidManifest.xml:31:13-33:68
59                android:name="android.support.FILE_PROVIDER_PATHS"
59-->[:PlayLib] AndroidManifest.xml:32:17-67
60                android:resource="@xml/util_code_provider_paths" />
60-->[:PlayLib] AndroidManifest.xml:33:17-65
61        </provider>
62        <provider
62-->[androidx.lifecycle:lifecycle-process:2.2.0] AndroidManifest.xml:25:9-29:43
63            android:name="androidx.lifecycle.ProcessLifecycleOwnerInitializer"
63-->[androidx.lifecycle:lifecycle-process:2.2.0] AndroidManifest.xml:26:13-79
64            android:authorities="com.cn.huiweilink.lifecycle-process"
64-->[androidx.lifecycle:lifecycle-process:2.2.0] AndroidManifest.xml:27:13-69
65            android:exported="false"
65-->[androidx.lifecycle:lifecycle-process:2.2.0] AndroidManifest.xml:28:13-37
66            android:multiprocess="true" />
66-->[androidx.lifecycle:lifecycle-process:2.2.0] AndroidManifest.xml:29:13-40
67    </application>
68
69</manifest>